<?xml version="1.0" encoding="UTF-8"?>
<testsuites>
  <testsuite name="all" tests="18" assertions="27" errors="0" failures="0" skipped="0" time="0.013192">
    <testsuite name="Nymfonya\Component\Container\Tests\ContainerTest" file="/home/pierre/tmp/github/nymfonya-container/tests/ContainerTest.php" tests="18" assertions="27" errors="0" failures="0" skipped="0" time="0.013192">
      <testcase name="testInstance" class="Nymfonya\Component\Container\Tests\ContainerTest" classname="Nymfonya.Component.Container.Tests.ContainerTest" file="/home/pierre/tmp/github/nymfonya-container/tests/ContainerTest.php" line="79" assertions="1" time="0.005001"/>
      <testcase name="testInitReporter" class="Nymfonya\Component\Container\Tests\ContainerTest" classname="Nymfonya.Component.Container.Tests.ContainerTest" file="/home/pierre/tmp/github/nymfonya-container/tests/ContainerTest.php" line="89" assertions="2" time="0.000484"/>
      <testcase name="testGetServices" class="Nymfonya\Component\Container\Tests\ContainerTest" classname="Nymfonya.Component.Container.Tests.ContainerTest" file="/home/pierre/tmp/github/nymfonya-container/tests/ContainerTest.php" line="105" assertions="1" time="0.000549"/>
      <testcase name="testGetService" class="Nymfonya\Component\Container\Tests\ContainerTest" classname="Nymfonya.Component.Container.Tests.ContainerTest" file="/home/pierre/tmp/github/nymfonya-container/tests/ContainerTest.php" line="114" assertions="1" time="0.000436"/>
      <testcase name="testGetServiceException" class="Nymfonya\Component\Container\Tests\ContainerTest" classname="Nymfonya.Component.Container.Tests.ContainerTest" file="/home/pierre/tmp/github/nymfonya-container/tests/ContainerTest.php" line="124" assertions="1" time="0.000989"/>
      <testcase name="testSetService" class="Nymfonya\Component\Container\Tests\ContainerTest" classname="Nymfonya.Component.Container.Tests.ContainerTest" file="/home/pierre/tmp/github/nymfonya-container/tests/ContainerTest.php" line="135" assertions="1" time="0.000511"/>
      <testcase name="testSetServiceNoClassException" class="Nymfonya\Component\Container\Tests\ContainerTest" classname="Nymfonya.Component.Container.Tests.ContainerTest" file="/home/pierre/tmp/github/nymfonya-container/tests/ContainerTest.php" line="149" assertions="1" time="0.000433"/>
      <testcase name="testSetServiceNotObjectException" class="Nymfonya\Component\Container\Tests\ContainerTest" classname="Nymfonya.Component.Container.Tests.ContainerTest" file="/home/pierre/tmp/github/nymfonya-container/tests/ContainerTest.php" line="159" assertions="1" time="0.000434"/>
      <testcase name="testConstructable" class="Nymfonya\Component\Container\Tests\ContainerTest" classname="Nymfonya.Component.Container.Tests.ContainerTest" file="/home/pierre/tmp/github/nymfonya-container/tests/ContainerTest.php" line="169" assertions="2" time="0.000572"/>
      <testcase name="testHasService" class="Nymfonya\Component\Container\Tests\ContainerTest" classname="Nymfonya.Component.Container.Tests.ContainerTest" file="/home/pierre/tmp/github/nymfonya-container/tests/ContainerTest.php" line="187" assertions="1" time="0.000479"/>
      <testcase name="testLoad" class="Nymfonya\Component\Container\Tests\ContainerTest" classname="Nymfonya.Component.Container.Tests.ContainerTest" file="/home/pierre/tmp/github/nymfonya-container/tests/ContainerTest.php" line="200" assertions="1" time="0.000362"/>
      <testcase name="testSetServiceConfig" class="Nymfonya\Component\Container\Tests\ContainerTest" classname="Nymfonya.Component.Container.Tests.ContainerTest" file="/home/pierre/tmp/github/nymfonya-container/tests/ContainerTest.php" line="214" assertions="1" time="0.000337"/>
      <testcase name="testLoadException" class="Nymfonya\Component\Container\Tests\ContainerTest" classname="Nymfonya.Component.Container.Tests.ContainerTest" file="/home/pierre/tmp/github/nymfonya-container/tests/ContainerTest.php" line="228" assertions="1" time="0.000367"/>
      <testcase name="testCreate" class="Nymfonya\Component\Container\Tests\ContainerTest" classname="Nymfonya.Component.Container.Tests.ContainerTest" file="/home/pierre/tmp/github/nymfonya-container/tests/ContainerTest.php" line="245" assertions="2" time="0.000384"/>
      <testcase name="testIsBasicType" class="Nymfonya\Component\Container\Tests\ContainerTest" classname="Nymfonya.Component.Container.Tests.ContainerTest" file="/home/pierre/tmp/github/nymfonya-container/tests/ContainerTest.php" line="264" assertions="4" time="0.000428"/>
      <testcase name="testCreateCoreService" class="Nymfonya\Component\Container\Tests\ContainerTest" classname="Nymfonya.Component.Container.Tests.ContainerTest" file="/home/pierre/tmp/github/nymfonya-container/tests/ContainerTest.php" line="293" assertions="3" time="0.000446"/>
      <testcase name="testCreateDependencies" class="Nymfonya\Component\Container\Tests\ContainerTest" classname="Nymfonya.Component.Container.Tests.ContainerTest" file="/home/pierre/tmp/github/nymfonya-container/tests/ContainerTest.php" line="317" assertions="2" time="0.000413"/>
      <testcase name="testInjectService" class="Nymfonya\Component\Container\Tests\ContainerTest" classname="Nymfonya.Component.Container.Tests.ContainerTest" file="/home/pierre/tmp/github/nymfonya-container/tests/ContainerTest.php" line="340" assertions="1" time="0.000567"/>
    </testsuite>
  </testsuite>
</testsuites>
